mode: set
github.com/nitrictech/suga/cli/pkg/app/auth.go:17.57,20.2 2 0
github.com/nitrictech/suga/cli/pkg/app/auth.go:23.27,27.16 3 0
github.com/nitrictech/suga/cli/pkg/app/auth.go:27.16,30.3 2 0
github.com/nitrictech/suga/cli/pkg/app/auth.go:32.2,32.92 1 0
github.com/nitrictech/suga/cli/pkg/app/auth.go:36.28,40.16 3 0
github.com/nitrictech/suga/cli/pkg/app/auth.go:40.16,41.42 1 0
github.com/nitrictech/suga/cli/pkg/app/auth.go:41.42,44.4 2 0
github.com/nitrictech/suga/cli/pkg/app/auth.go:47.2,47.72 1 0
github.com/nitrictech/suga/cli/pkg/app/auth.go:51.33,53.16 2 0
github.com/nitrictech/suga/cli/pkg/app/auth.go:53.16,56.3 2 0
github.com/nitrictech/suga/cli/pkg/app/auth.go:58.2,58.72 1 0
github.com/nitrictech/suga/cli/pkg/app/nitric.go:51.61,55.16 4 0
github.com/nitrictech/suga/cli/pkg/app/nitric.go:55.16,57.3 1 0
github.com/nitrictech/suga/cli/pkg/app/nitric.go:59.2,63.9 1 0
github.com/nitrictech/suga/cli/pkg/app/nitric.go:67.39,69.16 2 0
github.com/nitrictech/suga/cli/pkg/app/nitric.go:69.16,70.45 1 0
github.com/nitrictech/suga/cli/pkg/app/nitric.go:70.45,74.4 3 0
github.com/nitrictech/suga/cli/pkg/app/nitric.go:76.3,77.13 2 0
github.com/nitrictech/suga/cli/pkg/app/nitric.go:80.2,80.25 1 0
github.com/nitrictech/suga/cli/pkg/app/nitric.go:80.25,83.3 2 0
github.com/nitrictech/suga/cli/pkg/app/nitric.go:85.2,86.37 2 0
github.com/nitrictech/suga/cli/pkg/app/nitric.go:86.37,88.3 1 0
github.com/nitrictech/suga/cli/pkg/app/nitric.go:90.2,90.12 1 0
github.com/nitrictech/suga/cli/pkg/app/nitric.go:94.34,100.16 4 0
github.com/nitrictech/suga/cli/pkg/app/nitric.go:100.16,103.3 2 0
github.com/nitrictech/suga/cli/pkg/app/nitric.go:103.8,103.19 1 0
github.com/nitrictech/suga/cli/pkg/app/nitric.go:103.19,106.3 2 0
github.com/nitrictech/suga/cli/pkg/app/nitric.go:108.2,122.40 8 0
github.com/nitrictech/suga/cli/pkg/app/nitric.go:122.40,124.3 1 0
github.com/nitrictech/suga/cli/pkg/app/nitric.go:126.2,126.16 1 0
github.com/nitrictech/suga/cli/pkg/app/nitric.go:126.16,128.3 1 0
github.com/nitrictech/suga/cli/pkg/app/nitric.go:130.2,139.40 4 0
github.com/nitrictech/suga/cli/pkg/app/nitric.go:139.40,141.3 1 0
github.com/nitrictech/suga/cli/pkg/app/nitric.go:143.2,143.16 1 0
github.com/nitrictech/suga/cli/pkg/app/nitric.go:143.16,145.3 1 0
github.com/nitrictech/suga/cli/pkg/app/nitric.go:147.2,155.16 4 0
github.com/nitrictech/suga/cli/pkg/app/nitric.go:155.16,158.3 2 0
github.com/nitrictech/suga/cli/pkg/app/nitric.go:160.2,174.12 13 0
github.com/nitrictech/suga/cli/pkg/app/nitric.go:177.42,178.16 1 0
github.com/nitrictech/suga/cli/pkg/app/nitric.go:178.16,180.3 1 0
github.com/nitrictech/suga/cli/pkg/app/nitric.go:183.2,183.64 1 0
github.com/nitrictech/suga/cli/pkg/app/nitric.go:183.64,185.3 1 0
github.com/nitrictech/suga/cli/pkg/app/nitric.go:187.2,187.12 1 0
github.com/nitrictech/suga/cli/pkg/app/nitric.go:191.63,193.16 2 0
github.com/nitrictech/suga/cli/pkg/app/nitric.go:193.16,194.45 1 0
github.com/nitrictech/suga/cli/pkg/app/nitric.go:194.45,197.4 2 0
github.com/nitrictech/suga/cli/pkg/app/nitric.go:199.3,199.56 1 0
github.com/nitrictech/suga/cli/pkg/app/nitric.go:202.2,206.23 4 0
github.com/nitrictech/suga/cli/pkg/app/nitric.go:206.23,213.41 2 0
github.com/nitrictech/suga/cli/pkg/app/nitric.go:213.41,215.4 1 0
github.com/nitrictech/suga/cli/pkg/app/nitric.go:217.3,217.17 1 0
github.com/nitrictech/suga/cli/pkg/app/nitric.go:217.17,219.4 1 0
github.com/nitrictech/suga/cli/pkg/app/nitric.go:222.2,225.12 3 0
github.com/nitrictech/suga/cli/pkg/app/nitric.go:225.12,227.17 2 0
github.com/nitrictech/suga/cli/pkg/app/nitric.go:227.17,229.4 1 0
github.com/nitrictech/suga/cli/pkg/app/nitric.go:230.3,230.20 1 0
github.com/nitrictech/suga/cli/pkg/app/nitric.go:230.20,232.4 1 0
github.com/nitrictech/suga/cli/pkg/app/nitric.go:235.2,235.25 1 0
github.com/nitrictech/suga/cli/pkg/app/nitric.go:235.25,237.3 1 0
github.com/nitrictech/suga/cli/pkg/app/nitric.go:239.2,240.37 2 0
github.com/nitrictech/suga/cli/pkg/app/nitric.go:240.37,242.3 1 0
github.com/nitrictech/suga/cli/pkg/app/nitric.go:245.2,248.47 2 0
github.com/nitrictech/suga/cli/pkg/app/nitric.go:248.47,249.23 1 0
github.com/nitrictech/suga/cli/pkg/app/nitric.go:249.23,251.5 1 0
github.com/nitrictech/suga/cli/pkg/app/nitric.go:253.4,253.14 1 0
github.com/nitrictech/suga/cli/pkg/app/nitric.go:259.2,259.40 1 0
github.com/nitrictech/suga/cli/pkg/app/nitric.go:259.40,261.3 1 0
github.com/nitrictech/suga/cli/pkg/app/nitric.go:263.2,263.16 1 0
github.com/nitrictech/suga/cli/pkg/app/nitric.go:263.16,265.3 1 0
github.com/nitrictech/suga/cli/pkg/app/nitric.go:267.2,270.16 3 0
github.com/nitrictech/suga/cli/pkg/app/nitric.go:270.16,272.3 1 0
github.com/nitrictech/suga/cli/pkg/app/nitric.go:275.2,276.16 2 0
github.com/nitrictech/suga/cli/pkg/app/nitric.go:276.16,278.3 1 0
github.com/nitrictech/suga/cli/pkg/app/nitric.go:280.2,283.16 3 0
github.com/nitrictech/suga/cli/pkg/app/nitric.go:283.16,285.3 1 0
github.com/nitrictech/suga/cli/pkg/app/nitric.go:287.2,287.21 1 0
github.com/nitrictech/suga/cli/pkg/app/nitric.go:287.21,297.17 3 0
github.com/nitrictech/suga/cli/pkg/app/nitric.go:297.17,299.4 1 0
github.com/nitrictech/suga/cli/pkg/app/nitric.go:303.2,304.16 2 0
github.com/nitrictech/suga/cli/pkg/app/nitric.go:304.16,306.3 1 0
github.com/nitrictech/suga/cli/pkg/app/nitric.go:308.2,309.16 2 0
github.com/nitrictech/suga/cli/pkg/app/nitric.go:309.16,311.3 1 0
github.com/nitrictech/suga/cli/pkg/app/nitric.go:313.2,316.16 3 0
github.com/nitrictech/suga/cli/pkg/app/nitric.go:316.16,318.3 1 0
github.com/nitrictech/suga/cli/pkg/app/nitric.go:320.2,323.16 3 0
github.com/nitrictech/suga/cli/pkg/app/nitric.go:323.16,325.3 1 0
github.com/nitrictech/suga/cli/pkg/app/nitric.go:327.2,342.12 14 0
github.com/nitrictech/suga/cli/pkg/app/nitric.go:346.35,348.16 2 0
github.com/nitrictech/suga/cli/pkg/app/nitric.go:348.16,350.3 1 0
github.com/nitrictech/suga/cli/pkg/app/nitric.go:352.2,354.31 2 0
github.com/nitrictech/suga/cli/pkg/app/nitric.go:354.31,358.3 3 0
github.com/nitrictech/suga/cli/pkg/app/nitric.go:360.2,362.31 2 0
github.com/nitrictech/suga/cli/pkg/app/nitric.go:362.31,364.3 1 0
github.com/nitrictech/suga/cli/pkg/app/nitric.go:364.8,369.47 1 0
github.com/nitrictech/suga/cli/pkg/app/nitric.go:369.47,370.29 1 0
github.com/nitrictech/suga/cli/pkg/app/nitric.go:370.29,372.6 1 0
github.com/nitrictech/suga/cli/pkg/app/nitric.go:374.5,374.15 1 0
github.com/nitrictech/suga/cli/pkg/app/nitric.go:378.3,378.41 1 0
github.com/nitrictech/suga/cli/pkg/app/nitric.go:378.41,380.4 1 0
github.com/nitrictech/suga/cli/pkg/app/nitric.go:382.3,382.17 1 0
github.com/nitrictech/suga/cli/pkg/app/nitric.go:382.17,384.4 1 0
github.com/nitrictech/suga/cli/pkg/app/nitric.go:387.2,387.26 1 0
github.com/nitrictech/suga/cli/pkg/app/nitric.go:387.26,389.3 1 0
github.com/nitrictech/suga/cli/pkg/app/nitric.go:391.2,392.50 2 0
github.com/nitrictech/suga/cli/pkg/app/nitric.go:392.50,395.3 2 0
github.com/nitrictech/suga/cli/pkg/app/nitric.go:395.8,395.23 1 0
github.com/nitrictech/suga/cli/pkg/app/nitric.go:395.23,397.3 1 0
github.com/nitrictech/suga/cli/pkg/app/nitric.go:399.2,405.16 5 0
github.com/nitrictech/suga/cli/pkg/app/nitric.go:405.16,408.3 2 0
github.com/nitrictech/suga/cli/pkg/app/nitric.go:410.2,420.12 9 0
github.com/nitrictech/suga/cli/pkg/app/nitric.go:424.187,426.66 1 0
github.com/nitrictech/suga/cli/pkg/app/nitric.go:426.66,428.3 1 0
github.com/nitrictech/suga/cli/pkg/app/nitric.go:430.2,431.16 2 0
github.com/nitrictech/suga/cli/pkg/app/nitric.go:431.16,433.3 1 0
github.com/nitrictech/suga/cli/pkg/app/nitric.go:435.2,435.46 1 0
github.com/nitrictech/suga/cli/pkg/app/nitric.go:435.46,438.3 2 0
github.com/nitrictech/suga/cli/pkg/app/nitric.go:441.2,441.12 1 0
github.com/nitrictech/suga/cli/pkg/app/nitric.go:441.12,445.17 3 0
github.com/nitrictech/suga/cli/pkg/app/nitric.go:445.17,447.4 1 0
github.com/nitrictech/suga/cli/pkg/app/nitric.go:450.2,450.16 1 0
github.com/nitrictech/suga/cli/pkg/app/nitric.go:450.16,453.17 3 0
github.com/nitrictech/suga/cli/pkg/app/nitric.go:453.17,455.4 1 0
github.com/nitrictech/suga/cli/pkg/app/nitric.go:458.2,458.20 1 0
github.com/nitrictech/suga/cli/pkg/app/nitric.go:458.20,461.17 3 0
github.com/nitrictech/suga/cli/pkg/app/nitric.go:461.17,463.4 1 0
github.com/nitrictech/suga/cli/pkg/app/nitric.go:466.2,467.12 2 0
github.com/nitrictech/suga/cli/pkg/app/nitric.go:471.34,475.16 3 0
github.com/nitrictech/suga/cli/pkg/app/nitric.go:475.16,477.3 1 0
github.com/nitrictech/suga/cli/pkg/app/nitric.go:479.2,481.16 3 0
github.com/nitrictech/suga/cli/pkg/app/nitric.go:481.16,483.3 1 0
github.com/nitrictech/suga/cli/pkg/app/nitric.go:484.2,501.30 10 0
github.com/nitrictech/suga/cli/pkg/app/nitric.go:501.30,503.17 2 0
github.com/nitrictech/suga/cli/pkg/app/nitric.go:503.17,505.4 1 0
github.com/nitrictech/suga/cli/pkg/app/nitric.go:508.2,508.12 1 0
github.com/nitrictech/suga/cli/pkg/app/nitric.go:508.12,510.17 2 0
github.com/nitrictech/suga/cli/pkg/app/nitric.go:510.17,512.4 1 0
github.com/nitrictech/suga/cli/pkg/app/nitric.go:515.2,518.16 3 0
github.com/nitrictech/suga/cli/pkg/app/nitric.go:518.16,520.3 1 0
github.com/nitrictech/suga/cli/pkg/app/nitric.go:523.2,523.18 1 0
github.com/nitrictech/suga/cli/pkg/app/nitric.go:527.18,533.16 3 0
github.com/nitrictech/suga/cli/pkg/app/nitric.go:533.16,535.3 1 0
github.com/nitrictech/suga/cli/pkg/app/nitric.go:537.2,539.16 3 0
github.com/nitrictech/suga/cli/pkg/app/nitric.go:539.16,541.3 1 0
github.com/nitrictech/suga/cli/pkg/app/nitric.go:543.2,543.12 1 0
github.com/nitrictech/suga/cli/pkg/app/nitric.go:547.66,549.16 2 0
github.com/nitrictech/suga/cli/pkg/app/nitric.go:549.16,551.3 1 0
github.com/nitrictech/suga/cli/pkg/app/nitric.go:552.2,552.19 1 0
github.com/nitrictech/suga/cli/pkg/app/nitric.go:552.19,555.17 2 0
github.com/nitrictech/suga/cli/pkg/app/nitric.go:555.17,557.4 1 0
github.com/nitrictech/suga/cli/pkg/app/nitric.go:558.3,558.29 1 0
github.com/nitrictech/suga/cli/pkg/app/nitric.go:560.2,560.19 1 0
github.com/nitrictech/suga/cli/pkg/tui/intro.go:15.45,20.35 3 0
github.com/nitrictech/suga/cli/pkg/tui/intro.go:20.35,22.12 2 0
github.com/nitrictech/suga/cli/pkg/tui/intro.go:22.12,24.4 1 0
github.com/nitrictech/suga/cli/pkg/tui/intro.go:24.9,26.28 2 0
github.com/nitrictech/suga/cli/pkg/tui/intro.go:26.28,28.5 1 0
github.com/nitrictech/suga/cli/pkg/tui/intro.go:32.2,32.79 1 0
github.com/nitrictech/suga/cli/pkg/tui/ask/input.go:8.28,13.2 1 0
github.com/nitrictech/suga/cli/pkg/tui/ask/select.go:8.47,11.2 1 0
github.com/nitrictech/suga/cli/pkg/files/copy.go:15.50,17.16 2 1
github.com/nitrictech/suga/cli/pkg/files/copy.go:17.16,19.3 1 1
github.com/nitrictech/suga/cli/pkg/files/copy.go:21.2,21.22 1 1
github.com/nitrictech/suga/cli/pkg/files/copy.go:21.22,23.3 1 1
github.com/nitrictech/suga/cli/pkg/files/copy.go:25.2,26.16 2 1
github.com/nitrictech/suga/cli/pkg/files/copy.go:26.16,28.3 1 0
github.com/nitrictech/suga/cli/pkg/files/copy.go:30.2,30.82 1 1
github.com/nitrictech/suga/cli/pkg/files/copy.go:30.82,31.17 1 1
github.com/nitrictech/suga/cli/pkg/files/copy.go:31.17,33.4 1 0
github.com/nitrictech/suga/cli/pkg/files/copy.go:35.3,36.17 2 1
github.com/nitrictech/suga/cli/pkg/files/copy.go:36.17,38.4 1 0
github.com/nitrictech/suga/cli/pkg/files/copy.go:40.3,40.21 1 1
github.com/nitrictech/suga/cli/pkg/files/copy.go:40.21,42.4 1 1
github.com/nitrictech/suga/cli/pkg/files/copy.go:44.3,46.19 2 1
github.com/nitrictech/suga/cli/pkg/files/copy.go:46.19,48.4 1 1
github.com/nitrictech/suga/cli/pkg/files/copy.go:48.9,50.4 1 1
github.com/nitrictech/suga/cli/pkg/files/copy.go:54.69,56.16 2 1
github.com/nitrictech/suga/cli/pkg/files/copy.go:56.16,58.3 1 0
github.com/nitrictech/suga/cli/pkg/files/copy.go:59.2,62.16 3 1
github.com/nitrictech/suga/cli/pkg/files/copy.go:62.16,64.3 1 0
github.com/nitrictech/suga/cli/pkg/files/copy.go:65.2,68.16 3 1
github.com/nitrictech/suga/cli/pkg/files/copy.go:68.16,70.3 1 0
github.com/nitrictech/suga/cli/pkg/files/copy.go:72.2,72.28 1 1
github.com/nitrictech/suga/cli/pkg/client/client.go:7.62,8.54 1 0
github.com/nitrictech/suga/cli/pkg/client/client.go:8.54,10.35 1 0
github.com/nitrictech/suga/cli/pkg/client/client.go:10.35,12.4 1 0
github.com/nitrictech/suga/cli/pkg/client/client.go:15.2,15.14 1 0
github.com/nitrictech/suga/cli/pkg/client/go.go:26.107,28.59 2 0
github.com/nitrictech/suga/cli/pkg/client/go.go:28.59,30.37 1 0
github.com/nitrictech/suga/cli/pkg/client/go.go:30.37,31.12 1 0
github.com/nitrictech/suga/cli/pkg/client/go.go:34.3,35.17 2 0
github.com/nitrictech/suga/cli/pkg/client/go.go:35.17,37.4 1 0
github.com/nitrictech/suga/cli/pkg/client/go.go:39.3,39.40 1 0
github.com/nitrictech/suga/cli/pkg/client/go.go:42.2,45.8 1 0
github.com/nitrictech/suga/cli/pkg/client/go.go:49.104,50.21 1 0
github.com/nitrictech/suga/cli/pkg/client/go.go:50.21,52.3 1 0
github.com/nitrictech/suga/cli/pkg/client/go.go:54.2,54.25 1 0
github.com/nitrictech/suga/cli/pkg/client/go.go:54.25,56.3 1 0
github.com/nitrictech/suga/cli/pkg/client/go.go:58.2,60.16 3 0
github.com/nitrictech/suga/cli/pkg/client/go.go:60.16,62.3 1 0
github.com/nitrictech/suga/cli/pkg/client/go.go:64.2,66.16 3 0
github.com/nitrictech/suga/cli/pkg/client/go.go:66.16,68.3 1 0
github.com/nitrictech/suga/cli/pkg/client/go.go:70.2,71.16 2 0
github.com/nitrictech/suga/cli/pkg/client/go.go:71.16,73.3 1 0
github.com/nitrictech/suga/cli/pkg/client/go.go:75.2,76.16 2 0
github.com/nitrictech/suga/cli/pkg/client/go.go:76.16,78.3 1 0
github.com/nitrictech/suga/cli/pkg/client/go.go:80.2,82.16 3 0
github.com/nitrictech/suga/cli/pkg/client/go.go:82.16,84.3 1 0
github.com/nitrictech/suga/cli/pkg/client/go.go:86.2,88.12 2 0
github.com/nitrictech/suga/cli/pkg/client/names.go:14.77,15.20 1 1
github.com/nitrictech/suga/cli/pkg/client/names.go:15.20,17.3 1 1
github.com/nitrictech/suga/cli/pkg/client/names.go:19.2,19.56 1 1
github.com/nitrictech/suga/cli/pkg/client/names.go:19.56,21.3 1 1
github.com/nitrictech/suga/cli/pkg/client/names.go:23.2,29.8 3 1
github.com/nitrictech/suga/cli/pkg/client/names.go:32.51,35.39 2 1
github.com/nitrictech/suga/cli/pkg/client/names.go:35.39,36.21 1 1
github.com/nitrictech/suga/cli/pkg/client/names.go:36.21,38.4 1 0
github.com/nitrictech/suga/cli/pkg/client/names.go:41.2,41.14 1 1
github.com/nitrictech/suga/cli/pkg/client/names.go:45.54,47.2 1 1
github.com/nitrictech/suga/cli/pkg/client/names.go:50.54,52.2 1 1
github.com/nitrictech/suga/cli/pkg/client/names.go:55.53,57.2 1 1
github.com/nitrictech/suga/cli/pkg/client/names.go:60.53,62.2 1 1
github.com/nitrictech/suga/cli/pkg/client/names.go:65.53,67.2 1 1
github.com/nitrictech/suga/cli/pkg/client/names.go:70.45,71.17 1 1
github.com/nitrictech/suga/cli/pkg/client/names.go:71.17,73.3 1 0
github.com/nitrictech/suga/cli/pkg/client/names.go:74.2,74.39 1 1
github.com/nitrictech/suga/cli/pkg/client/names.go:78.74,80.33 2 1
github.com/nitrictech/suga/cli/pkg/client/names.go:80.33,81.17 1 1
github.com/nitrictech/suga/cli/pkg/client/names.go:81.17,82.12 1 0
github.com/nitrictech/suga/cli/pkg/client/names.go:85.3,85.32 1 1
github.com/nitrictech/suga/cli/pkg/client/names.go:85.32,87.12 2 1
github.com/nitrictech/suga/cli/pkg/client/names.go:90.3,90.50 1 1
github.com/nitrictech/suga/cli/pkg/client/names.go:92.2,92.24 1 1
github.com/nitrictech/suga/cli/pkg/client/python.go:24.85,26.59 2 0
github.com/nitrictech/suga/cli/pkg/client/python.go:26.59,27.37 1 0
github.com/nitrictech/suga/cli/pkg/client/python.go:27.37,28.12 1 0
github.com/nitrictech/suga/cli/pkg/client/python.go:31.3,32.17 2 0
github.com/nitrictech/suga/cli/pkg/client/python.go:32.17,34.4 1 0
github.com/nitrictech/suga/cli/pkg/client/python.go:36.3,36.40 1 0
github.com/nitrictech/suga/cli/pkg/client/python.go:39.2,42.8 1 0
github.com/nitrictech/suga/cli/pkg/client/python.go:45.86,46.21 1 0
github.com/nitrictech/suga/cli/pkg/client/python.go:46.21,48.3 1 0
github.com/nitrictech/suga/cli/pkg/client/python.go:50.2,52.16 3 0
github.com/nitrictech/suga/cli/pkg/client/python.go:52.16,54.3 1 0
github.com/nitrictech/suga/cli/pkg/client/python.go:56.2,58.16 3 0
github.com/nitrictech/suga/cli/pkg/client/python.go:58.16,60.3 1 0
github.com/nitrictech/suga/cli/pkg/client/python.go:62.2,63.16 2 0
github.com/nitrictech/suga/cli/pkg/client/python.go:63.16,65.3 1 0
github.com/nitrictech/suga/cli/pkg/client/python.go:67.2,69.16 3 0
github.com/nitrictech/suga/cli/pkg/client/python.go:69.16,71.3 1 0
github.com/nitrictech/suga/cli/pkg/client/python.go:73.2,75.12 2 0
github.com/nitrictech/suga/cli/pkg/client/ts.go:24.85,26.59 2 0
github.com/nitrictech/suga/cli/pkg/client/ts.go:26.59,27.37 1 0
github.com/nitrictech/suga/cli/pkg/client/ts.go:27.37,28.12 1 0
github.com/nitrictech/suga/cli/pkg/client/ts.go:31.3,32.17 2 0
github.com/nitrictech/suga/cli/pkg/client/ts.go:32.17,34.4 1 0
github.com/nitrictech/suga/cli/pkg/client/ts.go:36.3,36.40 1 0
github.com/nitrictech/suga/cli/pkg/client/ts.go:39.2,42.8 1 0
github.com/nitrictech/suga/cli/pkg/client/ts.go:46.90,47.21 1 0
github.com/nitrictech/suga/cli/pkg/client/ts.go:47.21,49.3 1 0
github.com/nitrictech/suga/cli/pkg/client/ts.go:51.2,53.16 3 0
github.com/nitrictech/suga/cli/pkg/client/ts.go:53.16,55.3 1 0
github.com/nitrictech/suga/cli/pkg/client/ts.go:57.2,59.16 3 0
github.com/nitrictech/suga/cli/pkg/client/ts.go:59.16,61.3 1 0
github.com/nitrictech/suga/cli/pkg/client/ts.go:63.2,64.16 2 0
github.com/nitrictech/suga/cli/pkg/client/ts.go:64.16,66.3 1 0
github.com/nitrictech/suga/cli/pkg/client/ts.go:68.2,70.16 3 0
github.com/nitrictech/suga/cli/pkg/client/ts.go:70.16,72.3 1 0
github.com/nitrictech/suga/cli/pkg/client/ts.go:74.2,76.12 2 0
github.com/nitrictech/suga/cli/pkg/schema/bucket.go:11.64,13.2 1 0
github.com/nitrictech/suga/cli/pkg/schema/bucket.go:15.41,17.2 1 0
github.com/nitrictech/suga/cli/pkg/schema/database.go:9.66,11.2 1 0
github.com/nitrictech/suga/cli/pkg/schema/database.go:13.43,15.2 1 0
github.com/nitrictech/suga/cli/pkg/schema/entrypoint.go:19.45,21.2 1 0
github.com/nitrictech/suga/cli/pkg/schema/entrypoint.go:23.71,24.61 1 1
github.com/nitrictech/suga/cli/pkg/schema/entrypoint.go:24.61,28.3 1 1
github.com/nitrictech/suga/cli/pkg/schema/errors.go:22.84,31.2 6 1
github.com/nitrictech/suga/cli/pkg/schema/errors.go:48.46,51.21 2 1
github.com/nitrictech/suga/cli/pkg/schema/errors.go:51.21,53.3 1 1
github.com/nitrictech/suga/cli/pkg/schema/errors.go:55.2,60.21 2 1
github.com/nitrictech/suga/cli/pkg/schema/errors.go:61.9,62.14 1 1
github.com/nitrictech/suga/cli/pkg/schema/errors.go:63.9,64.28 1 1
github.com/nitrictech/suga/cli/pkg/schema/errors.go:65.9,67.31 2 0
github.com/nitrictech/suga/cli/pkg/schema/errors.go:68.10,70.22 1 0
github.com/nitrictech/suga/cli/pkg/schema/errors.go:70.22,73.4 2 0
github.com/nitrictech/suga/cli/pkg/schema/errors.go:76.2,76.13 1 1
github.com/nitrictech/suga/cli/pkg/schema/errors.go:83.54,87.2 1 1
github.com/nitrictech/suga/cli/pkg/schema/errors.go:89.54,92.17 2 1
github.com/nitrictech/suga/cli/pkg/schema/errors.go:92.17,94.3 1 1
github.com/nitrictech/suga/cli/pkg/schema/errors.go:96.2,96.35 1 1
github.com/nitrictech/suga/cli/pkg/schema/errors.go:96.35,98.3 1 1
github.com/nitrictech/suga/cli/pkg/schema/errors.go:100.2,100.25 1 1
github.com/nitrictech/suga/cli/pkg/schema/errors.go:100.25,102.3 1 1
github.com/nitrictech/suga/cli/pkg/schema/errors.go:104.2,104.28 1 1
github.com/nitrictech/suga/cli/pkg/schema/errors.go:104.28,106.3 1 1
github.com/nitrictech/suga/cli/pkg/schema/errors.go:108.2,108.132 1 0
github.com/nitrictech/suga/cli/pkg/schema/errors.go:111.58,114.68 2 1
github.com/nitrictech/suga/cli/pkg/schema/errors.go:114.68,116.3 1 1
github.com/nitrictech/suga/cli/pkg/schema/errors.go:118.2,118.26 1 0
github.com/nitrictech/suga/cli/pkg/schema/errors.go:121.54,125.68 3 1
github.com/nitrictech/suga/cli/pkg/schema/errors.go:125.68,127.3 1 1
github.com/nitrictech/suga/cli/pkg/schema/errors.go:129.2,129.86 1 1
github.com/nitrictech/suga/cli/pkg/schema/errors.go:132.64,134.2 1 1
github.com/nitrictech/suga/cli/pkg/schema/errors.go:136.56,142.9 3 1
github.com/nitrictech/suga/cli/pkg/schema/errors.go:142.9,144.3 1 1
github.com/nitrictech/suga/cli/pkg/schema/errors.go:146.2,146.25 1 1
github.com/nitrictech/suga/cli/pkg/schema/errors.go:149.52,151.2 1 1
github.com/nitrictech/suga/cli/pkg/schema/errors.go:153.52,155.2 1 1
github.com/nitrictech/suga/cli/pkg/schema/errors.go:157.60,159.2 1 1
github.com/nitrictech/suga/cli/pkg/schema/errors.go:161.60,163.2 1 1
github.com/nitrictech/suga/cli/pkg/schema/errors.go:165.49,167.2 1 1
github.com/nitrictech/suga/cli/pkg/schema/errors.go:169.49,171.45 1 1
github.com/nitrictech/suga/cli/pkg/schema/errors.go:171.45,174.4 2 1
github.com/nitrictech/suga/cli/pkg/schema/errors.go:175.54,178.4 2 1
github.com/nitrictech/suga/cli/pkg/schema/errors.go:179.39,182.4 2 1
github.com/nitrictech/suga/cli/pkg/schema/errors.go:183.63,185.4 1 1
github.com/nitrictech/suga/cli/pkg/schema/errors.go:189.83,192.27 2 1
github.com/nitrictech/suga/cli/pkg/schema/errors.go:192.27,196.44 2 1
github.com/nitrictech/suga/cli/pkg/schema/errors.go:196.44,197.12 1 1
github.com/nitrictech/suga/cli/pkg/schema/errors.go:200.3,207.5 2 1
github.com/nitrictech/suga/cli/pkg/schema/errors.go:210.2,210.67 1 1
github.com/nitrictech/suga/cli/pkg/schema/errors.go:210.67,212.3 1 1
github.com/nitrictech/suga/cli/pkg/schema/errors.go:214.2,214.25 1 1
github.com/nitrictech/suga/cli/pkg/schema/errors.go:226.60,227.20 1 1
github.com/nitrictech/suga/cli/pkg/schema/errors.go:227.20,229.3 1 0
github.com/nitrictech/suga/cli/pkg/schema/errors.go:231.2,234.27 4 1
github.com/nitrictech/suga/cli/pkg/schema/errors.go:234.27,237.61 2 1
github.com/nitrictech/suga/cli/pkg/schema/errors.go:237.61,239.4 1 1
github.com/nitrictech/suga/cli/pkg/schema/errors.go:241.3,241.57 1 1
github.com/nitrictech/suga/cli/pkg/schema/errors.go:244.2,244.25 1 1
github.com/nitrictech/suga/cli/pkg/schema/file.go:13.82,14.55 1 0
github.com/nitrictech/suga/cli/pkg/schema/file.go:14.55,16.3 1 0
github.com/nitrictech/suga/cli/pkg/schema/file.go:16.8,16.20 1 0
github.com/nitrictech/suga/cli/pkg/schema/file.go:16.20,18.3 1 0
github.com/nitrictech/suga/cli/pkg/schema/file.go:20.2,21.16 2 0
github.com/nitrictech/suga/cli/pkg/schema/file.go:21.16,23.3 1 0
github.com/nitrictech/suga/cli/pkg/schema/file.go:25.2,28.38 3 0
github.com/nitrictech/suga/cli/pkg/schema/file.go:28.38,30.3 1 0
github.com/nitrictech/suga/cli/pkg/schema/file.go:30.8,30.80 1 0
github.com/nitrictech/suga/cli/pkg/schema/file.go:30.80,32.3 1 0
github.com/nitrictech/suga/cli/pkg/schema/file.go:32.8,34.3 1 0
github.com/nitrictech/suga/cli/pkg/schema/file.go:36.2,36.16 1 0
github.com/nitrictech/suga/cli/pkg/schema/file.go:36.16,38.3 1 0
github.com/nitrictech/suga/cli/pkg/schema/file.go:40.2,40.15 1 0
github.com/nitrictech/suga/cli/pkg/schema/file.go:40.15,42.3 1 0
github.com/nitrictech/suga/cli/pkg/schema/file.go:44.2,45.40 2 0
github.com/nitrictech/suga/cli/pkg/schema/file.go:45.40,47.3 1 0
github.com/nitrictech/suga/cli/pkg/schema/file.go:49.2,49.64 1 0
github.com/nitrictech/suga/cli/pkg/schema/file.go:49.64,51.3 1 0
github.com/nitrictech/suga/cli/pkg/schema/file.go:53.2,53.31 1 0
github.com/nitrictech/suga/cli/pkg/schema/file.go:53.31,55.3 1 0
github.com/nitrictech/suga/cli/pkg/schema/file.go:57.2,57.21 1 0
github.com/nitrictech/suga/cli/pkg/schema/file.go:60.71,62.16 2 0
github.com/nitrictech/suga/cli/pkg/schema/file.go:62.16,64.3 1 0
github.com/nitrictech/suga/cli/pkg/schema/file.go:66.2,66.46 1 0
github.com/nitrictech/suga/cli/pkg/schema/resource.go:7.40,9.2 1 0
github.com/nitrictech/suga/cli/pkg/schema/resource.go:11.60,13.2 1 0
github.com/nitrictech/suga/cli/pkg/schema/schema.go:27.76,28.23 1 0
github.com/nitrictech/suga/cli/pkg/schema/schema.go:29.22,30.24 1 0
github.com/nitrictech/suga/cli/pkg/schema/schema.go:31.21,32.23 1 0
github.com/nitrictech/suga/cli/pkg/schema/schema.go:33.25,34.27 1 0
github.com/nitrictech/suga/cli/pkg/schema/schema.go:35.23,36.25 1 0
github.com/nitrictech/suga/cli/pkg/schema/schema.go:37.22,38.24 1 0
github.com/nitrictech/suga/cli/pkg/schema/schema.go:39.10,40.59 1 0
github.com/nitrictech/suga/cli/pkg/schema/schema.go:44.65,47.45 2 0
github.com/nitrictech/suga/cli/pkg/schema/schema.go:47.45,49.3 1 0
github.com/nitrictech/suga/cli/pkg/schema/schema.go:51.2,51.44 1 0
github.com/nitrictech/suga/cli/pkg/schema/schema.go:51.44,53.3 1 0
github.com/nitrictech/suga/cli/pkg/schema/schema.go:55.2,55.48 1 0
github.com/nitrictech/suga/cli/pkg/schema/schema.go:55.48,57.3 1 0
github.com/nitrictech/suga/cli/pkg/schema/schema.go:59.2,59.46 1 0
github.com/nitrictech/suga/cli/pkg/schema/schema.go:59.46,61.3 1 0
github.com/nitrictech/suga/cli/pkg/schema/schema.go:63.2,63.45 1 0
github.com/nitrictech/suga/cli/pkg/schema/schema.go:63.45,65.3 1 0
github.com/nitrictech/suga/cli/pkg/schema/schema.go:67.2,67.24 1 0
github.com/nitrictech/suga/cli/pkg/schema/schema.go:70.74,71.47 1 0
github.com/nitrictech/suga/cli/pkg/schema/schema.go:71.47,73.3 1 0
github.com/nitrictech/suga/cli/pkg/schema/schema.go:75.2,75.45 1 0
github.com/nitrictech/suga/cli/pkg/schema/schema.go:75.45,77.3 1 0
github.com/nitrictech/suga/cli/pkg/schema/schema.go:79.2,79.53 1 0
github.com/nitrictech/suga/cli/pkg/schema/schema.go:79.53,81.3 1 0
github.com/nitrictech/suga/cli/pkg/schema/schema.go:83.2,83.49 1 0
github.com/nitrictech/suga/cli/pkg/schema/schema.go:83.49,85.3 1 0
github.com/nitrictech/suga/cli/pkg/schema/schema.go:87.2,87.47 1 0
github.com/nitrictech/suga/cli/pkg/schema/schema.go:87.47,89.3 1 0
github.com/nitrictech/suga/cli/pkg/schema/schema.go:91.2,91.19 1 0
github.com/nitrictech/suga/cli/pkg/schema/schema.go:94.49,96.2 1 1
github.com/nitrictech/suga/cli/pkg/schema/schema.go:98.43,102.16 3 1
github.com/nitrictech/suga/cli/pkg/schema/schema.go:102.16,104.3 1 0
github.com/nitrictech/suga/cli/pkg/schema/schema.go:106.2,106.33 1 1
github.com/nitrictech/suga/cli/pkg/schema/schema.go:109.89,113.16 3 1
github.com/nitrictech/suga/cli/pkg/schema/schema.go:113.16,115.3 1 1
github.com/nitrictech/suga/cli/pkg/schema/schema.go:117.2,119.45 2 1
github.com/nitrictech/suga/cli/pkg/schema/schema.go:122.89,131.16 7 1
github.com/nitrictech/suga/cli/pkg/schema/schema.go:131.16,133.3 1 0
github.com/nitrictech/suga/cli/pkg/schema/schema.go:135.2,138.35 3 1
github.com/nitrictech/suga/cli/pkg/schema/schema.go:138.35,140.3 1 1
github.com/nitrictech/suga/cli/pkg/schema/schema.go:142.2,142.26 1 1
github.com/nitrictech/suga/cli/pkg/schema/service.go:13.42,15.2 1 0
github.com/nitrictech/suga/cli/pkg/schema/validate.go:11.60,17.2 3 1
github.com/nitrictech/suga/cli/pkg/schema/validate.go:19.73,23.37 3 1
github.com/nitrictech/suga/cli/pkg/schema/validate.go:23.37,24.50 1 1
github.com/nitrictech/suga/cli/pkg/schema/validate.go:24.50,26.12 2 0
github.com/nitrictech/suga/cli/pkg/schema/validate.go:29.3,29.34 1 1
github.com/nitrictech/suga/cli/pkg/schema/validate.go:32.2,32.36 1 1
github.com/nitrictech/suga/cli/pkg/schema/validate.go:32.36,33.50 1 1
github.com/nitrictech/suga/cli/pkg/schema/validate.go:33.50,35.12 2 1
github.com/nitrictech/suga/cli/pkg/schema/validate.go:37.3,37.33 1 1
github.com/nitrictech/suga/cli/pkg/schema/validate.go:40.2,40.40 1 1
github.com/nitrictech/suga/cli/pkg/schema/validate.go:40.40,41.50 1 1
github.com/nitrictech/suga/cli/pkg/schema/validate.go:41.50,43.12 2 1
github.com/nitrictech/suga/cli/pkg/schema/validate.go:45.3,45.37 1 0
github.com/nitrictech/suga/cli/pkg/schema/validate.go:48.2,48.38 1 1
github.com/nitrictech/suga/cli/pkg/schema/validate.go:48.38,49.50 1 1
github.com/nitrictech/suga/cli/pkg/schema/validate.go:49.50,51.12 2 1
github.com/nitrictech/suga/cli/pkg/schema/validate.go:53.3,53.35 1 0
github.com/nitrictech/suga/cli/pkg/schema/validate.go:56.2,56.37 1 1
github.com/nitrictech/suga/cli/pkg/schema/validate.go:56.37,57.50 1 1
github.com/nitrictech/suga/cli/pkg/schema/validate.go:57.50,59.12 2 1
github.com/nitrictech/suga/cli/pkg/schema/validate.go:61.3,61.34 1 0
github.com/nitrictech/suga/cli/pkg/schema/validate.go:64.2,64.19 1 1
github.com/nitrictech/suga/cli/pkg/schema/validate.go:67.73,71.37 3 1
github.com/nitrictech/suga/cli/pkg/schema/validate.go:71.37,72.43 1 1
github.com/nitrictech/suga/cli/pkg/schema/validate.go:72.43,74.4 1 1
github.com/nitrictech/suga/cli/pkg/schema/validate.go:77.2,77.36 1 1
github.com/nitrictech/suga/cli/pkg/schema/validate.go:77.36,78.43 1 1
github.com/nitrictech/suga/cli/pkg/schema/validate.go:78.43,80.4 1 1
github.com/nitrictech/suga/cli/pkg/schema/validate.go:83.2,83.40 1 1
github.com/nitrictech/suga/cli/pkg/schema/validate.go:83.40,84.43 1 1
github.com/nitrictech/suga/cli/pkg/schema/validate.go:84.43,86.4 1 1
github.com/nitrictech/suga/cli/pkg/schema/validate.go:89.2,89.38 1 1
github.com/nitrictech/suga/cli/pkg/schema/validate.go:89.38,90.43 1 1
github.com/nitrictech/suga/cli/pkg/schema/validate.go:90.43,92.4 1 1
github.com/nitrictech/suga/cli/pkg/schema/validate.go:95.2,95.37 1 1
github.com/nitrictech/suga/cli/pkg/schema/validate.go:95.37,96.43 1 1
github.com/nitrictech/suga/cli/pkg/schema/validate.go:96.43,98.4 1 1
github.com/nitrictech/suga/cli/pkg/schema/validate.go:101.2,101.19 1 1
github.com/nitrictech/suga/cli/pkg/schema/website.go:12.42,14.2 1 0
github.com/nitrictech/suga/cli/pkg/schema/yaml_context.go:17.64,20.2 2 1
github.com/nitrictech/suga/cli/pkg/schema/yaml_context.go:22.83,26.62 3 1
github.com/nitrictech/suga/cli/pkg/schema/yaml_context.go:26.62,28.3 1 1
github.com/nitrictech/suga/cli/pkg/schema/yaml_context.go:28.8,30.3 1 1
github.com/nitrictech/suga/cli/pkg/schema/yaml_context.go:32.2,33.44 2 1
github.com/nitrictech/suga/cli/pkg/schema/yaml_context.go:36.46,38.2 1 1
github.com/nitrictech/suga/cli/pkg/schema/yaml_context.go:41.90,47.26 4 1
github.com/nitrictech/suga/cli/pkg/schema/yaml_context.go:47.26,51.3 3 1
github.com/nitrictech/suga/cli/pkg/schema/yaml_context.go:53.2,53.20 1 1
github.com/nitrictech/suga/cli/pkg/schema/yaml_context.go:53.20,54.30 1 1
github.com/nitrictech/suga/cli/pkg/schema/yaml_context.go:54.30,57.25 2 1
github.com/nitrictech/suga/cli/pkg/schema/yaml_context.go:57.25,59.84 1 1
github.com/nitrictech/suga/cli/pkg/schema/yaml_context.go:59.84,61.6 1 1
github.com/nitrictech/suga/cli/pkg/schema/yaml_context.go:63.5,63.63 1 1
github.com/nitrictech/suga/cli/pkg/schema/yaml_context.go:63.63,64.25 1 1
github.com/nitrictech/suga/cli/pkg/schema/yaml_context.go:64.25,67.7 2 1
github.com/nitrictech/suga/cli/pkg/schema/yaml_context.go:67.12,69.7 1 1
github.com/nitrictech/suga/cli/pkg/schema/yaml_context.go:70.11,73.6 2 1
github.com/nitrictech/suga/cli/pkg/schema/yaml_context.go:78.2,78.22 1 1
github.com/nitrictech/suga/cli/pkg/schema/yaml_context.go:81.99,83.21 1 1
github.com/nitrictech/suga/cli/pkg/schema/yaml_context.go:83.21,84.34 1 1
github.com/nitrictech/suga/cli/pkg/schema/yaml_context.go:84.34,87.51 2 1
github.com/nitrictech/suga/cli/pkg/schema/yaml_context.go:87.51,89.5 1 1
github.com/nitrictech/suga/cli/pkg/schema/yaml_context.go:89.10,91.5 1 1
github.com/nitrictech/suga/cli/pkg/schema/yaml_context.go:93.8,95.3 1 0
